#
# There is insufficient memory for the Java Runtime Environment to continue.
# Native memory allocation (malloc) failed to allocate 32744 bytes for ChunkPool::allocate
# Possible reasons:
#   The system is out of physical RAM or swap space
#   The process is running with CompressedOops enabled, and the Java Heap may be blocking the growth of the native heap
# Possible solutions:
#   Reduce memory load on the system
#   Increase physical memory or swap space
#   Check if swap backing store is full
#   Decrease Java heap size (-Xmx/-Xms)
#   Decrease number of Java threads
#   Decrease Java thread stack sizes (-Xss)
#   Set larger code cache with -XX:ReservedCodeCacheSize=
#   JVM is running with Zero Based Compressed Oops mode in which the Java heap is
#     placed in the first 32GB address space. The Java Heap base address is the
#     maximum limit for the native heap growth. Please use -XX:HeapBaseMinAddress
#     to set the Java Heap base and to place the Java Heap above 32GB virtual address.
# This output file may be truncated or incomplete.
#
#  Out of Memory Error (allocation.cpp:272), pid=24860, tid=0x00000000000055a0
#
# JRE version: OpenJDK Runtime Environment (8.0_262-b10) (build 1.8.0_262-b10)
# Java VM: OpenJDK 64-Bit Server VM (25.262-b10 mixed mode windows-amd64 compressed oops)
# Failed to write core dump. Minidumps are not enabled by default on client versions of Windows
#

---------------  T H R E A D  ---------------

Current thread (0x00000241cceb8800):  JavaThread "C1 CompilerThread2" daemon [_thread_in_native, id=21920, stack(0x000000afc8100000,0x000000afc8200000)]

Stack: [0x000000afc8100000,0x000000afc8200000]
[error occurred during error reporting (printing stack bounds), id 0xc0000005]

Native frames: (J=compiled Java code, j=interpreted, Vv=VM code, C=native code)


Current CompileTask:
C1:   5238 1433       3       sun.misc.ProxyGenerator::codeLocalLoadStore (90 bytes)


---------------  P R O C E S S  ---------------

Java Threads: ( => current thread )
  0x00000241d043e800 JavaThread "Cache worker for file hash cache (C:\Users\PC\Documents\CumanAdditions\.gradle\4.9\fileHashes)" [_thread_blocked, id=24660, stack(0x000000afc8e00000,0x000000afc8f00000)]
  0x00000241cf3ad000 JavaThread "File lock request listener" [_thread_in_native, id=16524, stack(0x000000afc8d00000,0x000000afc8e00000)]
  0x00000241cf271000 JavaThread "Cache worker for file hash cache (C:\Users\PC\.gradle\caches\4.9\fileHashes)" [_thread_blocked, id=24528, stack(0x000000afc8c00000,0x000000afc8d00000)]
  0x00000241cee32000 JavaThread "Stdin handler" [_thread_blocked, id=15864, stack(0x000000afc8b00000,0x000000afc8c00000)]
  0x00000241ced28800 JavaThread "Asynchronous log dispatcher for DefaultDaemonConnection: socket connection from /127.0.0.1:57940 to /127.0.0.1:57941" [_thread_blocked, id=22452, stack(0x000000afc8a00000,0x000000afc8b00000)]
  0x00000241cee2e000 JavaThread "Daemon worker" [_thread_in_vm, id=20824, stack(0x000000afc8900000,0x000000afc8a00000)]
  0x00000241cdbcf000 JavaThread "Cancel handler" [_thread_blocked, id=16720, stack(0x000000afc8800000,0x000000afc8900000)]
  0x00000241cdbce000 JavaThread "Handler for socket connection from /127.0.0.1:57940 to /127.0.0.1:57941" [_thread_in_native, id=21740, stack(0x000000afc8700000,0x000000afc8800000)]
  0x00000241cdbcd800 JavaThread "Daemon" [_thread_blocked, id=13220, stack(0x000000afc8600000,0x000000afc8700000)]
  0x00000241cdbe5000 JavaThread "Daemon periodic checks" [_thread_blocked, id=25312, stack(0x000000afc8500000,0x000000afc8600000)]
  0x00000241cdf3f000 JavaThread "Incoming local TCP Connector on port 57940" [_thread_in_native, id=21856, stack(0x000000afc8400000,0x000000afc8500000)]
  0x00000241ccf4a000 JavaThread "Service Thread" daemon [_thread_blocked, id=7548, stack(0x000000afc8200000,0x000000afc8300000)]
=>0x00000241cceb8800 JavaThread "C1 CompilerThread2" daemon [_thread_in_native, id=21920, stack(0x000000afc8100000,0x000000afc8200000)]
  0x00000241cceb3800 JavaThread "C2 CompilerThread1" daemon [_thread_in_native, id=21008, stack(0x000000afc8000000,0x000000afc8100000)]
  0x00000241cceab800 JavaThread "C2 CompilerThread0" daemon [_thread_in_native, id=2000, stack(0x000000afc7f00000,0x000000afc8000000)]
  0x00000241cceaa000 JavaThread "Attach Listener" daemon [_thread_blocked, id=16036, stack(0x000000afc7e00000,0x000000afc7f00000)]
  0x00000241cce9e000 JavaThread "Signal Dispatcher" daemon [_thread_blocked, id=8672, stack(0x000000afc7d00000,0x000000afc7e00000)]
  0x00000241cc759000 JavaThread "Finalizer" daemon [_thread_blocked, id=18676, stack(0x000000afc7c00000,0x000000afc7d00000)]
  0x00000241cce86000 JavaThread "Reference Handler" daemon [_thread_blocked, id=18844, stack(0x000000afc7b00000,0x000000afc7c00000)]
  0x00000241b41e2000 JavaThread "main" [_thread_blocked, id=4244, stack(0x000000afc7500000,0x000000afc7600000)]

Other Threads:
  0x00000241cce65000 VMThread [stack: 0x000000afc7a00000,0x000000afc7b00000] [id=23896]
  0x00000241ccf54000 WatcherThread [stack: 0x000000afc8300000,0x000000afc8400000] [id=19480]

VM state:not at safepoint (normal execution)

VM Mutex/Monitor currently owned by a thread: None

heap address: 0x0000000700000000, size: 3072 MB, Compressed Oops mode: Zero based, Oop shift amount: 3
Narrow klass base: 0x0000000000000000, Narrow klass shift: 3
Compressed class space size: 1073741824 Address: 0x00000007c0000000

Heap:
 PSYoungGen      total 70656K, used 55611K [0x0000000780000000, 0x0000000784a00000, 0x00000007c0000000)
  eden space 65536K, 77% used [0x0000000780000000,0x00000007831b2b70,0x0000000784000000)
  from space 5120K, 92% used [0x0000000784500000,0x000000078499c3c8,0x0000000784a00000)
  to   space 5120K, 0% used [0x0000000784000000,0x0000000784000000,0x0000000784500000)
 ParOldGen       total 86016K, used 16K [0x0000000700000000, 0x0000000705400000, 0x0000000780000000)
  object space 86016K, 0% used [0x0000000700000000,0x0000000700004000,0x0000000705400000)
 Metaspace       used 14666K, capacity 14982K, committed 15360K, reserved 1062912K
  class space    used 2130K, capacity 2251K, committed 2304K, reserved 1048576K

Card table byte_map: [0x00000241c4e10000,0x00000241c5420000] byte_map_base: 0x00000241c1610000

Marking Bits: (ParMarkBitMap*) 0x000000006d6a8790
 Begin Bits: [0x00000241c5820000, 0x00000241c8820000)
 End Bits:   [0x00000241c8820000, 0x00000241cb820000)

Polling page: 0x00000241b4170000

CodeCache: size=245760Kb used=5098Kb max_used=5098Kb free=240661Kb
 bounds [0x00000241b5a50000, 0x00000241b5f50000, 0x00000241c4a50000]
 total_blobs=1799 nmethods=1430 adapters=281
 compilation: enabled

Compilation events (10 events):
Event: 5.198 Thread 0x00000241cceab800 1417 %     4       com.google.common.io.LineBuffer::add @ 47 (204 bytes)
Event: 5.198 Thread 0x00000241cceb8800 1428   !   3       java.lang.StringCoding::decode (120 bytes)
Event: 5.200 Thread 0x00000241cceb8800 nmethod 1428 0x00000241b5f47350 code [0x00000241b5f47680, 0x00000241b5f490e0]
Event: 5.203 Thread 0x00000241cceb8800 1429       3       java.util.regex.Pattern$Ctype::isSatisfiedBy (24 bytes)
Event: 5.203 Thread 0x00000241cceb8800 nmethod 1429 0x00000241b5f4c190 code [0x00000241b5f4c300, 0x00000241b5f4c698]
Event: 5.213 Thread 0x00000241cceb8800 1431       1       java.util.concurrent.locks.AbstractQueuedSynchronizer::getState (5 bytes)
Event: 5.213 Thread 0x00000241cceb8800 nmethod 1431 0x00000241b5f46410 code [0x00000241b5f46560, 0x00000241b5f46678]
Event: 5.213 Thread 0x00000241cceb8800 1432       3       org.gradle.internal.logging.slf4j.OutputEventListenerBackedLogger::isDebugEnabled (8 bytes)
Event: 5.213 Thread 0x00000241cceb8800 nmethod 1432 0x00000241b5f4c810 code [0x00000241b5f4c9a0, 0x00000241b5f4ce70]
Event: 5.228 Thread 0x00000241cceb8800 1433       3       sun.misc.ProxyGenerator::codeLocalLoadStore (90 bytes)

GC Heap History (4 events):
Event: 1.470 GC heap before
{Heap before GC invocations=1 (full 0):
 PSYoungGen      total 37888K, used 32768K [0x0000000780000000, 0x0000000782a00000, 0x00000007c0000000)
  eden space 32768K, 100% used [0x0000000780000000,0x0000000782000000,0x0000000782000000)
  from space 5120K, 0% used [0x0000000782500000,0x0000000782500000,0x0000000782a00000)
  to   space 5120K, 0% used [0x0000000782000000,0x0000000782000000,0x0000000782500000)
 ParOldGen       total 86016K, used 0K [0x0000000700000000, 0x0000000705400000, 0x0000000780000000)
  object space 86016K, 0% used [0x0000000700000000,0x0000000700000000,0x0000000705400000)
 Metaspace       used 7105K, capacity 7324K, committed 7680K, reserved 1056768K
  class space    used 878K, capacity 912K, committed 1024K, reserved 1048576K
Event: 1.498 GC heap after
Heap after GC invocations=1 (full 0):
 PSYoungGen      total 37888K, used 4114K [0x0000000780000000, 0x0000000784a00000, 0x00000007c0000000)
  eden space 32768K, 0% used [0x0000000780000000,0x0000000780000000,0x0000000782000000)
  from space 5120K, 80% used [0x0000000782000000,0x0000000782404ac8,0x0000000782500000)
  to   space 5120K, 0% used [0x0000000784500000,0x0000000784500000,0x0000000784a00000)
 ParOldGen       total 86016K, used 8K [0x0000000700000000, 0x0000000705400000, 0x0000000780000000)
  object space 86016K, 0% used [0x0000000700000000,0x0000000700002000,0x0000000705400000)
 Metaspace       used 7105K, capacity 7324K, committed 7680K, reserved 1056768K
  class space    used 878K, capacity 912K, committed 1024K, reserved 1048576K
}
Event: 2.271 GC heap before
{Heap before GC invocations=2 (full 0):
 PSYoungGen      total 37888K, used 36882K [0x0000000780000000, 0x0000000784a00000, 0x00000007c0000000)
  eden space 32768K, 100% used [0x0000000780000000,0x0000000782000000,0x0000000782000000)
  from space 5120K, 80% used [0x0000000782000000,0x0000000782404ac8,0x0000000782500000)
  to   space 5120K, 0% used [0x0000000784500000,0x0000000784500000,0x0000000784a00000)
 ParOldGen       total 86016K, used 8K [0x0000000700000000, 0x0000000705400000, 0x0000000780000000)
  object space 86016K, 0% used [0x0000000700000000,0x0000000700002000,0x0000000705400000)
 Metaspace       used 9478K, capacity 9802K, committed 9856K, reserved 1058816K
  class space    used 1290K, capacity 1393K, committed 1408K, reserved 1048576K
Event: 2.278 GC heap after
Heap after GC invocations=2 (full 0):
 PSYoungGen      total 70656K, used 4720K [0x0000000780000000, 0x0000000784a00000, 0x00000007c0000000)
  eden space 65536K, 0% used [0x0000000780000000,0x0000000780000000,0x0000000784000000)
  from space 5120K, 92% used [0x0000000784500000,0x000000078499c3c8,0x0000000784a00000)
  to   space 5120K, 0% used [0x0000000784000000,0x0000000784000000,0x0000000784500000)
 ParOldGen       total 86016K, used 16K [0x0000000700000000, 0x0000000705400000, 0x0000000780000000)
  object space 86016K, 0% used [0x0000000700000000,0x0000000700004000,0x0000000705400000)
 Metaspace       used 9478K, capacity 9802K, committed 9856K, reserved 1058816K
  class space    used 1290K, capacity 1393K, committed 1408K, reserved 1048576K
}

Deoptimization events (10 events):
Event: 4.436 Thread 0x00000241cee2e000 Uncommon trap: reason=bimorphic action=maybe_recompile pc=0x00000241b5cee9dc method=java.util.HashMap.putVal(ILjava/lang/Object;Ljava/lang/Object;ZZ)Ljava/lang/Object; @ 253
Event: 4.437 Thread 0x00000241cee2e000 Uncommon trap: reason=bimorphic action=maybe_recompile pc=0x00000241b5cee9dc method=java.util.HashMap.putVal(ILjava/lang/Object;Ljava/lang/Object;ZZ)Ljava/lang/Object; @ 253
Event: 4.437 Thread 0x00000241cee2e000 Uncommon trap: reason=bimorphic action=maybe_recompile pc=0x00000241b5cee9dc method=java.util.HashMap.putVal(ILjava/lang/Object;Ljava/lang/Object;ZZ)Ljava/lang/Object; @ 253
Event: 4.439 Thread 0x00000241cee2e000 Uncommon trap: reason=bimorphic action=maybe_recompile pc=0x00000241b5cea1ec method=java.util.HashMap.putVal(ILjava/lang/Object;Ljava/lang/Object;ZZ)Ljava/lang/Object; @ 253
Event: 4.979 Thread 0x00000241cee2e000 Uncommon trap: reason=class_check action=maybe_recompile pc=0x00000241b5d18af4 method=java.util.regex.Matcher.match(II)Z @ 86
Event: 5.003 Thread 0x00000241cee2e000 Uncommon trap: reason=class_check action=maybe_recompile pc=0x00000241b5d18af4 method=java.util.regex.Matcher.match(II)Z @ 86
Event: 5.003 Thread 0x00000241cee2e000 Uncommon trap: reason=class_check action=maybe_recompile pc=0x00000241b5d18af4 method=java.util.regex.Matcher.match(II)Z @ 86
Event: 5.037 Thread 0x00000241cee2e000 Uncommon trap: reason=class_check action=maybe_recompile pc=0x00000241b5cdeaac method=java.util.regex.Matcher.match(II)Z @ 86
Event: 5.104 Thread 0x00000241cee2e000 Uncommon trap: reason=unstable_if action=reinterpret pc=0x00000241b5ed9a74 method=java.lang.String.lastIndexOf([CII[CIII)I @ 66
Event: 5.189 Thread 0x00000241cee2e000 Uncommon trap: reason=unstable_if action=reinterpret pc=0x00000241b5d0165c method=java.io.WinNTFileSystem.resolve(Ljava/lang/String;Ljava/lang/String;)Ljava/lang/String; @ 117

Classes redefined (0 events):
No events

Internal exceptions (10 events):
Event: 0.873 Thread 0x00000241b41e2000 Exception <a 'java/lang/ArrayIndexOutOfBoundsException'> (0x0000000780fc8298) thrown at [C:\workspace\openjdk-build\workspace\build\src\hotspot\src\share\vm\runtime\sharedRuntime.cpp, line 605]
Event: 0.873 Thread 0x00000241b41e2000 Exception <a 'java/lang/ArrayIndexOutOfBoundsException'> (0x0000000780fca3d8) thrown at [C:\workspace\openjdk-build\workspace\build\src\hotspot\src\share\vm\runtime\sharedRuntime.cpp, line 605]
Event: 0.874 Thread 0x00000241b41e2000 Exception <a 'java/lang/ArrayIndexOutOfBoundsException'> (0x0000000780fd7ac0) thrown at [C:\workspace\openjdk-build\workspace\build\src\hotspot\src\share\vm\runtime\sharedRuntime.cpp, line 605]
Event: 0.875 Thread 0x00000241b41e2000 Exception <a 'java/lang/ArrayIndexOutOfBoundsException'> (0x0000000780feb200) thrown at [C:\workspace\openjdk-build\workspace\build\src\hotspot\src\share\vm\runtime\sharedRuntime.cpp, line 605]
Event: 0.876 Thread 0x00000241b41e2000 Exception <a 'java/lang/ArrayIndexOutOfBoundsException'> (0x0000000780ff7c18) thrown at [C:\workspace\openjdk-build\workspace\build\src\hotspot\src\share\vm\runtime\sharedRuntime.cpp, line 605]
Event: 0.876 Thread 0x00000241b41e2000 Exception <a 'java/lang/ArrayIndexOutOfBoundsException'> (0x0000000780ff9f40) thrown at [C:\workspace\openjdk-build\workspace\build\src\hotspot\src\share\vm\runtime\sharedRuntime.cpp, line 605]
Event: 0.876 Thread 0x00000241b41e2000 Exception <a 'java/lang/ArrayIndexOutOfBoundsException'> (0x0000000780ffba68) thrown at [C:\workspace\openjdk-build\workspace\build\src\hotspot\src\share\vm\runtime\sharedRuntime.cpp, line 605]
Event: 2.192 Thread 0x00000241b41e2000 Exception <a 'java/lang/NoSuchFieldError': method resolution failed> (0x0000000781c9cab8) thrown at [C:\workspace\openjdk-build\workspace\build\src\hotspot\src\share\vm\prims\methodHandles.cpp, line 1169]
Event: 2.195 Thread 0x00000241b41e2000 Exception <a 'java/lang/NoSuchFieldError': method resolution failed> (0x0000000781caa778) thrown at [C:\workspace\openjdk-build\workspace\build\src\hotspot\src\share\vm\prims\methodHandles.cpp, line 1169]
Event: 3.509 Thread 0x00000241b41e2000 Exception <a 'java/io/IOException'> (0x0000000780590678) thrown at [C:\workspace\openjdk-build\workspace\build\src\hotspot\src\share\vm\prims\jni.cpp, line 711]

Events (10 events):
Event: 5.222 loading class org/gradle/groovy/scripts/internal/DefaultScriptCompilationHandler$1
Event: 5.222 loading class org/gradle/groovy/scripts/internal/DefaultScriptCompilationHandler$1 done
Event: 5.222 loading class groovy/lang/GroovyResourceLoader
Event: 5.222 loading class groovy/lang/GroovyResourceLoader done
Event: 5.223 loading class org/gradle/groovy/scripts/ScriptCompilationException
Event: 5.223 loading class org/gradle/groovy/scripts/ScriptCompilationException done
Event: 5.223 loading class org/gradle/api/GradleScriptException
Event: 5.223 loading class org/gradle/api/GradleScriptException done
Event: 5.225 loading class org/gradle/groovy/scripts/internal/DefaultScriptCompilationHandler$NoOpGroovyResourceLoader
Event: 5.225 loading class org/gradle/groovy/scripts/internal/DefaultScriptCompilationHandler$NoOpGroovyResourceLoader done


Dynamic libraries:
0x00007ff73a9b0000 - 0x00007ff73a9ea000 	C:\Program Files\AdoptOpenJDK\jdk-8.0.262.10-hotspot\bin\java.exe
0x00007ff8b5310000 - 0x00007ff8b5504000 	C:\WINDOWS\SYSTEM32\ntdll.dll
0x00007ff8b4250000 - 0x00007ff8b430d000 	C:\WINDOWS\System32\KERNEL32.DLL
0x00007ff8b2d40000 - 0x00007ff8b3007000 	C:\WINDOWS\System32\KERNELBASE.dll
0x00007ff8b4590000 - 0x00007ff8b463a000 	C:\WINDOWS\System32\ADVAPI32.dll
0x00007ff8b4df0000 - 0x00007ff8b4e8e000 	C:\WINDOWS\System32\msvcrt.dll
0x00007ff8b4fb0000 - 0x00007ff8b504b000 	C:\WINDOWS\System32\sechost.dll
0x00007ff8b49a0000 - 0x00007ff8b4ac3000 	C:\WINDOWS\System32\RPCRT4.dll
0x00007ff8b43f0000 - 0x00007ff8b4590000 	C:\WINDOWS\System32\USER32.dll
0x00007ff8b2ce0000 - 0x00007ff8b2d02000 	C:\WINDOWS\System32\win32u.dll
0x00007ff8b4c10000 - 0x00007ff8b4c3a000 	C:\WINDOWS\System32\GDI32.dll
0x00007ff8b2bd0000 - 0x00007ff8b2cda000 	C:\WINDOWS\System32\gdi32full.dll
0x00007ff8b2a60000 - 0x00007ff8b2afd000 	C:\WINDOWS\System32\msvcp_win.dll
0x00007ff8b31d0000 - 0x00007ff8b32d0000 	C:\WINDOWS\System32\ucrtbase.dll
0x00007ff8a0d50000 - 0x00007ff8a0fea000 	C:\WINDOWS\WinSxS\amd64_microsoft.windows.common-controls_6595b64144ccf1df_6.0.19041.1_none_b555e41d4684ddec\COMCTL32.dll
0x00007ff8b3f90000 - 0x00007ff8b3fc0000 	C:\WINDOWS\System32\IMM32.DLL
0x00007ff891dc0000 - 0x00007ff891eaf000 	C:\Program Files\AdoptOpenJDK\jdk-8.0.262.10-hotspot\jre\bin\msvcr120.dll
0x00007ff883c70000 - 0x00007ff883d16000 	C:\Program Files\AdoptOpenJDK\jdk-8.0.262.10-hotspot\jre\bin\msvcp120.dll
0x000000006cec0000 - 0x000000006d727000 	C:\Program Files\AdoptOpenJDK\jdk-8.0.262.10-hotspot\jre\bin\server\jvm.dll
0x00007ff8b4ca0000 - 0x00007ff8b4ca8000 	C:\WINDOWS\System32\PSAPI.DLL
0x00007ff8a5370000 - 0x00007ff8a5379000 	C:\WINDOWS\SYSTEM32\WSOCK32.dll
0x00007ff8a4980000 - 0x00007ff8a49a7000 	C:\WINDOWS\SYSTEM32\WINMM.dll
0x00007ff8b4b30000 - 0x00007ff8b4b9b000 	C:\WINDOWS\System32\WS2_32.dll
0x00007ff8aa840000 - 0x00007ff8aa84a000 	C:\WINDOWS\SYSTEM32\VERSION.dll
0x00007ff8a4650000 - 0x00007ff8a465f000 	C:\Program Files\AdoptOpenJDK\jdk-8.0.262.10-hotspot\jre\bin\verify.dll
0x00007ff891d20000 - 0x00007ff891d48000 	C:\Program Files\AdoptOpenJDK\jdk-8.0.262.10-hotspot\jre\bin\java.dll
0x00007ff891690000 - 0x00007ff8916a6000 	C:\Program Files\AdoptOpenJDK\jdk-8.0.262.10-hotspot\jre\bin\zip.dll
0x00007ff8b3850000 - 0x00007ff8b3f85000 	C:\WINDOWS\System32\SHELL32.dll
0x00007ff8b0bf0000 - 0x00007ff8b137f000 	C:\WINDOWS\SYSTEM32\windows.storage.dll
0x00007ff8b4640000 - 0x00007ff8b4993000 	C:\WINDOWS\System32\combase.dll
0x00007ff8b2410000 - 0x00007ff8b243b000 	C:\WINDOWS\SYSTEM32\Wldp.dll
0x00007ff8b5220000 - 0x00007ff8b52ce000 	C:\WINDOWS\System32\SHCORE.dll
0x00007ff8b37f0000 - 0x00007ff8b3845000 	C:\WINDOWS\System32\shlwapi.dll
0x00007ff8b29a0000 - 0x00007ff8b29bf000 	C:\WINDOWS\SYSTEM32\profapi.dll
0x00007ff891670000 - 0x00007ff89168a000 	C:\Program Files\AdoptOpenJDK\jdk-8.0.262.10-hotspot\jre\bin\net.dll
0x00007ff8b2190000 - 0x00007ff8b21fa000 	C:\WINDOWS\system32\mswsock.dll
0x00007ff891650000 - 0x00007ff891662000 	C:\Program Files\AdoptOpenJDK\jdk-8.0.262.10-hotspot\jre\bin\nio.dll
0x00007ff8a36a0000 - 0x00007ff8a36be000 	C:\Users\PC\.gradle\native\25\windows-amd64\native-platform.dll
0x00007ff8a43b0000 - 0x00007ff8a43bd000 	C:\Program Files\AdoptOpenJDK\jdk-8.0.262.10-hotspot\jre\bin\management.dll
0x00007ff8b2360000 - 0x00007ff8b2378000 	C:\WINDOWS\SYSTEM32\CRYPTSP.dll
0x00007ff8b1b20000 - 0x00007ff8b1b54000 	C:\WINDOWS\system32\rsaenh.dll
0x00007ff8b2d10000 - 0x00007ff8b2d37000 	C:\WINDOWS\System32\bcrypt.dll
0x00007ff8b2920000 - 0x00007ff8b294e000 	C:\WINDOWS\SYSTEM32\USERENV.dll
0x00007ff8b2b50000 - 0x00007ff8b2bcf000 	C:\WINDOWS\System32\bcryptprimitives.dll
0x00007ff8b2380000 - 0x00007ff8b238c000 	C:\WINDOWS\SYSTEM32\CRYPTBASE.dll
0x00007ff8b1e80000 - 0x00007ff8b1ebb000 	C:\WINDOWS\SYSTEM32\IPHLPAPI.DLL
0x00007ff8b4ba0000 - 0x00007ff8b4ba9000 	C:\WINDOWS\System32\NSI.dll
0x00007ff8a9e10000 - 0x00007ff8a9e27000 	C:\WINDOWS\SYSTEM32\dhcpcsvc6.DLL
0x00007ff8a9df0000 - 0x00007ff8a9e0d000 	C:\WINDOWS\SYSTEM32\dhcpcsvc.DLL
0x00007ff8b1ec0000 - 0x00007ff8b1f8a000 	C:\WINDOWS\SYSTEM32\DNSAPI.dll

VM Arguments:
jvm_args: -Xmx3G -Dfile.encoding=windows-1252 -Duser.country=BR -Duser.language=pt -Duser.variant 
java_command: org.gradle.launcher.daemon.bootstrap.GradleDaemon 4.9
java_class_path (initial): C:\Users\PC\.gradle\wrapper\dists\gradle-4.9-bin\e9cinqnqvph59rr7g70qubb4t\gradle-4.9\lib\gradle-launcher-4.9.jar
Launcher Type: SUN_STANDARD

Environment Variables:
JAVA_HOME=C:\Program Files\AdoptOpenJDK\jdk-8.0.262.10-hotspot
CLASSPATH=C:\Users\PC\Documents\CumanAdditions\\gradle\wrapper\gradle-wrapper.jar
PATH=C:\Program Files\AdoptOpenJDK\jdk-8.0.262.10-hotspot\bin;C:\Program Files (x86)\Common Files\Oracle\Java\javapath;C:\WINDOWS\system32;C:\WINDOWS;C:\WINDOWS\System32\Wbem;C:\WINDOWS\System32\WindowsPowerShell\v1.0\;C:\WINDOWS\System32\OpenSSH\;C:\Users\PC\AppData\Local\Microsoft\WindowsApps;
USERNAME=PC
OS=Windows_NT
PROCESSOR_IDENTIFIER=Intel64 Family 6 Model 142 Stepping 9, GenuineIntel



---------------  S Y S T E M  ---------------

OS: Windows 10.0 , 64 bit Build 19041 (10.0.19041.292)

CPU:total 4 (initial active 4) (2 cores per cpu, 2 threads per core) family 6 model 142 stepping 9, cmov, cx8, fxsr, mmx, sse, sse2, sse3, ssse3, sse4.1, sse4.2, popcnt, avx, avx2, aes, clmul, erms, 3dnowpref, lzcnt, ht, tsc, tscinvbit, bmi1, bmi2, adx

Memory: 4k page, physical 8251176k(654464k free), swap 33417000k(5132k free)

vm_info: OpenJDK 64-Bit Server VM (25.262-b10) for windows-amd64 JRE (1.8.0_262-b10), built on Jul 15 2020 06:02:55 by "jenkins" with MS VC++ 12.0 (VS2013)

time: Sat Aug 01 12:20:07 2020
timezone: Hora oficial do Brasil
elapsed time: 5 seconds (0d 0h 0m 5s)

