#
# There is insufficient memory for the Java Runtime Environment to continue.
# Native memory allocation (malloc) failed to allocate 32744 bytes for ChunkPool::allocate
# Possible reasons:
#   The system is out of physical RAM or swap space
#   The process is running with CompressedOops enabled, and the Java Heap may be blocking the growth of the native heap
# Possible solutions:
#   Reduce memory load on the system
#   Increase physical memory or swap space
#   Check if swap backing store is full
#   Decrease Java heap size (-Xmx/-Xms)
#   Decrease number of Java threads
#   Decrease Java thread stack sizes (-Xss)
#   Set larger code cache with -XX:ReservedCodeCacheSize=
#   JVM is running with Zero Based Compressed Oops mode in which the Java heap is
#     placed in the first 32GB address space. The Java Heap base address is the
#     maximum limit for the native heap growth. Please use -XX:HeapBaseMinAddress
#     to set the Java Heap base and to place the Java Heap above 32GB virtual address.
# This output file may be truncated or incomplete.
#
#  Out of Memory Error (allocation.cpp:272), pid=13308, tid=0x000000000000561c
#
# JRE version: OpenJDK Runtime Environment (8.0_262-b10) (build 1.8.0_262-b10)
# Java VM: OpenJDK 64-Bit Server VM (25.262-b10 mixed mode windows-amd64 compressed oops)
# Failed to write core dump. Minidumps are not enabled by default on client versions of Windows
#

---------------  T H R E A D  ---------------

Current thread (0x00000260aeee0000):  JavaThread "C2 CompilerThread0" daemon [_thread_in_native, id=22044, stack(0x000000b311d00000,0x000000b311e00000)]

Stack: [0x000000b311d00000,0x000000b311e00000]
[error occurred during error reporting (printing stack bounds), id 0xc0000005]

Native frames: (J=compiled Java code, j=interpreted, Vv=VM code, C=native code)


Current CompileTask:
C2:   4196 1414 %     4       com.google.common.io.LineBuffer::add @ 47 (204 bytes)


---------------  P R O C E S S  ---------------

Java Threads: ( => current thread )
  0x00000260b1518800 JavaThread "Cache worker for file hash cache (C:\Users\PC\Documents\CumanAdditions\.gradle\4.9\fileHashes)" [_thread_blocked, id=21232, stack(0x000000b312c00000,0x000000b312d00000)]
  0x00000260b2000000 JavaThread "File lock request listener" [_thread_in_native, id=8296, stack(0x000000b312b00000,0x000000b312c00000)]
  0x00000260b1fff000 JavaThread "Cache worker for file hash cache (C:\Users\PC\.gradle\caches\4.9\fileHashes)" [_thread_blocked, id=23128, stack(0x000000b312a00000,0x000000b312b00000)]
  0x00000260afd93000 JavaThread "Stdin handler" [_thread_blocked, id=7688, stack(0x000000b312900000,0x000000b312a00000)]
  0x00000260afd90800 JavaThread "Asynchronous log dispatcher for DefaultDaemonConnection: socket connection from /127.0.0.1:57952 to /127.0.0.1:57953" [_thread_blocked, id=10952, stack(0x000000b312800000,0x000000b312900000)]
  0x00000260afd83800 JavaThread "Daemon worker" [_thread_in_vm, id=15520, stack(0x000000b312700000,0x000000b312800000)]
  0x00000260afd81000 JavaThread "Cancel handler" [_thread_blocked, id=19384, stack(0x000000b312600000,0x000000b312700000)]
  0x00000260afd4c000 JavaThread "Handler for socket connection from /127.0.0.1:57952 to /127.0.0.1:57953" [_thread_in_native, id=16596, stack(0x000000b312500000,0x000000b312600000)]
  0x00000260aefe3800 JavaThread "Daemon" [_thread_blocked, id=6592, stack(0x000000b312400000,0x000000b312500000)]
  0x00000260b03e4800 JavaThread "Daemon periodic checks" [_thread_blocked, id=10932, stack(0x000000b312300000,0x000000b312400000)]
  0x00000260afecd800 JavaThread "Incoming local TCP Connector on port 57952" [_thread_in_native, id=19464, stack(0x000000b312200000,0x000000b312300000)]
  0x00000260aef6d000 JavaThread "Service Thread" daemon [_thread_blocked, id=10528, stack(0x000000b312000000,0x000000b312100000)]
  0x00000260aeeee000 JavaThread "C1 CompilerThread2" daemon [_thread_in_native, id=8576, stack(0x000000b311f00000,0x000000b312000000)]
  0x00000260aeeec000 JavaThread "C2 CompilerThread1" daemon [_thread_in_native, id=15192, stack(0x000000b311e00000,0x000000b311f00000)]
=>0x00000260aeee0000 JavaThread "C2 CompilerThread0" daemon [_thread_in_native, id=22044, stack(0x000000b311d00000,0x000000b311e00000)]
  0x00000260aeedc000 JavaThread "Attach Listener" daemon [_thread_blocked, id=21580, stack(0x000000b311c00000,0x000000b311d00000)]
  0x00000260aeed0000 JavaThread "Signal Dispatcher" daemon [_thread_blocked, id=7876, stack(0x000000b311b00000,0x000000b311c00000)]
  0x00000260ae789800 JavaThread "Finalizer" daemon [_thread_blocked, id=18840, stack(0x000000b311a00000,0x000000b311b00000)]
  0x00000260ae77f800 JavaThread "Reference Handler" daemon [_thread_blocked, id=13760, stack(0x000000b311900000,0x000000b311a00000)]
  0x0000026096164000 JavaThread "main" [_thread_blocked, id=10552, stack(0x000000b311300000,0x000000b311400000)]

Other Threads:
  0x00000260aee93000 VMThread [stack: 0x000000b311800000,0x000000b311900000] [id=14412]
  0x00000260aef75000 WatcherThread [stack: 0x000000b312100000,0x000000b312200000] [id=17868]

VM state:not at safepoint (normal execution)

VM Mutex/Monitor currently owned by a thread: None

heap address: 0x0000000700000000, size: 3072 MB, Compressed Oops mode: Zero based, Oop shift amount: 3
Narrow klass base: 0x0000000000000000, Narrow klass shift: 3
Compressed class space size: 1073741824 Address: 0x00000007c0000000

Heap:
 PSYoungGen      total 37888K, used 19711K [0x0000000780000000, 0x0000000784a00000, 0x00000007c0000000)
  eden space 32768K, 44% used [0x0000000780000000,0x0000000780e466b8,0x0000000782000000)
  from space 5120K, 99% used [0x0000000782000000,0x00000007824f95c8,0x0000000782500000)
  to   space 5120K, 0% used [0x0000000784500000,0x0000000784500000,0x0000000784a00000)
 ParOldGen       total 86016K, used 1765K [0x0000000700000000, 0x0000000705400000, 0x0000000780000000)
  object space 86016K, 2% used [0x0000000700000000,0x00000007001b9758,0x0000000705400000)
 Metaspace       used 14680K, capacity 14966K, committed 15360K, reserved 1062912K
  class space    used 2133K, capacity 2251K, committed 2304K, reserved 1048576K

Card table byte_map: [0x00000260a6e80000,0x00000260a7490000] byte_map_base: 0x00000260a3680000

Marking Bits: (ParMarkBitMap*) 0x000000006d6a8790
 Begin Bits: [0x00000260a7890000, 0x00000260aa890000)
 End Bits:   [0x00000260aa890000, 0x00000260ad890000)

Polling page: 0x00000260960b0000

CodeCache: size=245760Kb used=5027Kb max_used=5032Kb free=240732Kb
 bounds [0x0000026097ac0000, 0x0000026097fb0000, 0x00000260a6ac0000]
 total_blobs=1801 nmethods=1432 adapters=281
 compilation: enabled

Compilation events (10 events):
Event: 4.180 Thread 0x00000260aeee0000 1405       4       com.google.common.base.CharMatcher::indexIn (48 bytes)
Event: 4.180 Thread 0x00000260aeeee000 1432       1       java.util.concurrent.locks.AbstractQueuedSynchronizer::getState (5 bytes)
Event: 4.180 Thread 0x00000260aeeee000 nmethod 1432 0x0000026097fa9290 code [0x0000026097fa93e0, 0x0000026097fa94f8]
Event: 4.180 Thread 0x00000260aeeee000 1433       3       org.gradle.internal.logging.slf4j.OutputEventListenerBackedLogger::isDebugEnabled (8 bytes)
Event: 4.181 Thread 0x00000260aeeee000 nmethod 1433 0x0000026097fa8a50 code [0x0000026097fa8be0, 0x0000026097fa90b0]
Event: 4.184 Thread 0x00000260aeee0000 nmethod 1405 0x0000026097fac190 code [0x0000026097fac2e0, 0x0000026097fac558]
Event: 4.184 Thread 0x00000260aeee0000 1414 %     4       com.google.common.io.LineBuffer::add @ 47 (204 bytes)
Event: 4.190 Thread 0x00000260aeeee000 1435       3       sun.misc.ProxyGenerator::codeLocalLoadStore (90 bytes)
Event: 4.191 Thread 0x00000260aeeee000 nmethod 1435 0x0000026097fa7010 code [0x0000026097fa7260, 0x0000026097fa83b0]
Event: 4.194 Thread 0x00000260aeeee000 1436       3       org.gradle.internal.service.DefaultServiceRegistry$OwnServices::getService (309 bytes)

GC Heap History (6 events):
Event: 0.997 GC heap before
{Heap before GC invocations=1 (full 0):
 PSYoungGen      total 37888K, used 32768K [0x0000000780000000, 0x0000000782a00000, 0x00000007c0000000)
  eden space 32768K, 100% used [0x0000000780000000,0x0000000782000000,0x0000000782000000)
  from space 5120K, 0% used [0x0000000782500000,0x0000000782500000,0x0000000782a00000)
  to   space 5120K, 0% used [0x0000000782000000,0x0000000782000000,0x0000000782500000)
 ParOldGen       total 86016K, used 0K [0x0000000700000000, 0x0000000705400000, 0x0000000780000000)
  object space 86016K, 0% used [0x0000000700000000,0x0000000700000000,0x0000000705400000)
 Metaspace       used 7108K, capacity 7244K, committed 7424K, reserved 1056768K
  class space    used 878K, capacity 912K, committed 1024K, reserved 1048576K
Event: 1.003 GC heap after
Heap after GC invocations=1 (full 0):
 PSYoungGen      total 37888K, used 4184K [0x0000000780000000, 0x0000000782a00000, 0x00000007c0000000)
  eden space 32768K, 0% used [0x0000000780000000,0x0000000780000000,0x0000000782000000)
  from space 5120K, 81% used [0x0000000782000000,0x0000000782416190,0x0000000782500000)
  to   space 5120K, 0% used [0x0000000782500000,0x0000000782500000,0x0000000782a00000)
 ParOldGen       total 86016K, used 8K [0x0000000700000000, 0x0000000705400000, 0x0000000780000000)
  object space 86016K, 0% used [0x0000000700000000,0x0000000700002000,0x0000000705400000)
 Metaspace       used 7108K, capacity 7244K, committed 7424K, reserved 1056768K
  class space    used 878K, capacity 912K, committed 1024K, reserved 1048576K
}
Event: 1.732 GC heap before
{Heap before GC invocations=2 (full 0):
 PSYoungGen      total 37888K, used 36952K [0x0000000780000000, 0x0000000782a00000, 0x00000007c0000000)
  eden space 32768K, 100% used [0x0000000780000000,0x0000000782000000,0x0000000782000000)
  from space 5120K, 81% used [0x0000000782000000,0x0000000782416190,0x0000000782500000)
  to   space 5120K, 0% used [0x0000000782500000,0x0000000782500000,0x0000000782a00000)
 ParOldGen       total 86016K, used 8K [0x0000000700000000, 0x0000000705400000, 0x0000000780000000)
  object space 86016K, 0% used [0x0000000700000000,0x0000000700002000,0x0000000705400000)
 Metaspace       used 9488K, capacity 9786K, committed 9856K, reserved 1058816K
  class space    used 1290K, capacity 1393K, committed 1408K, reserved 1048576K
Event: 1.747 GC heap after
Heap after GC invocations=2 (full 0):
 PSYoungGen      total 37888K, used 4720K [0x0000000780000000, 0x0000000784a00000, 0x00000007c0000000)
  eden space 32768K, 0% used [0x0000000780000000,0x0000000780000000,0x0000000782000000)
  from space 5120K, 92% used [0x0000000782500000,0x000000078299c3a8,0x0000000782a00000)
  to   space 5120K, 0% used [0x0000000782000000,0x0000000782000000,0x0000000782500000)
 ParOldGen       total 86016K, used 16K [0x0000000700000000, 0x0000000705400000, 0x0000000780000000)
  object space 86016K, 0% used [0x0000000700000000,0x0000000700004000,0x0000000705400000)
 Metaspace       used 9488K, capacity 9786K, committed 9856K, reserved 1058816K
  class space    used 1290K, capacity 1393K, committed 1408K, reserved 1048576K
}
Event: 3.938 GC heap before
{Heap before GC invocations=3 (full 0):
 PSYoungGen      total 37888K, used 37488K [0x0000000780000000, 0x0000000784a00000, 0x00000007c0000000)
  eden space 32768K, 100% used [0x0000000780000000,0x0000000782000000,0x0000000782000000)
  from space 5120K, 92% used [0x0000000782500000,0x000000078299c3a8,0x0000000782a00000)
  to   space 5120K, 0% used [0x0000000782000000,0x0000000782000000,0x0000000782500000)
 ParOldGen       total 86016K, used 16K [0x0000000700000000, 0x0000000705400000, 0x0000000780000000)
  object space 86016K, 0% used [0x0000000700000000,0x0000000700004000,0x0000000705400000)
 Metaspace       used 13456K, capacity 13780K, committed 14080K, reserved 1060864K
  class space    used 1922K, capacity 2026K, committed 2048K, reserved 1048576K
Event: 3.947 GC heap after
Heap after GC invocations=3 (full 0):
 PSYoungGen      total 37888K, used 5093K [0x0000000780000000, 0x0000000784a00000, 0x00000007c0000000)
  eden space 32768K, 0% used [0x0000000780000000,0x0000000780000000,0x0000000782000000)
  from space 5120K, 99% used [0x0000000782000000,0x00000007824f95c8,0x0000000782500000)
  to   space 5120K, 0% used [0x0000000784500000,0x0000000784500000,0x0000000784a00000)
 ParOldGen       total 86016K, used 1765K [0x0000000700000000, 0x0000000705400000, 0x0000000780000000)
  object space 86016K, 2% used [0x0000000700000000,0x00000007001b9758,0x0000000705400000)
 Metaspace       used 13456K, capacity 13780K, committed 14080K, reserved 1060864K
  class space    used 1922K, capacity 2026K, committed 2048K, reserved 1048576K
}

Deoptimization events (10 events):
Event: 3.658 Thread 0x00000260afd83800 Uncommon trap: reason=bimorphic action=maybe_recompile pc=0x0000026097d7185c method=java.util.HashMap.putVal(ILjava/lang/Object;Ljava/lang/Object;ZZ)Ljava/lang/Object; @ 253
Event: 3.658 Thread 0x00000260afd83800 Uncommon trap: reason=bimorphic action=maybe_recompile pc=0x0000026097d7185c method=java.util.HashMap.putVal(ILjava/lang/Object;Ljava/lang/Object;ZZ)Ljava/lang/Object; @ 253
Event: 3.659 Thread 0x00000260afd83800 Uncommon trap: reason=bimorphic action=maybe_recompile pc=0x0000026097d7185c method=java.util.HashMap.putVal(ILjava/lang/Object;Ljava/lang/Object;ZZ)Ljava/lang/Object; @ 253
Event: 3.659 Thread 0x00000260afd83800 Uncommon trap: reason=bimorphic action=maybe_recompile pc=0x0000026097d6cef0 method=java.util.HashMap.putVal(ILjava/lang/Object;Ljava/lang/Object;ZZ)Ljava/lang/Object; @ 253
Event: 3.996 Thread 0x00000260afd83800 Uncommon trap: reason=class_check action=maybe_recompile pc=0x0000026097da8874 method=java.util.regex.Matcher.match(II)Z @ 86
Event: 4.014 Thread 0x00000260afd83800 Uncommon trap: reason=class_check action=maybe_recompile pc=0x0000026097da8874 method=java.util.regex.Matcher.match(II)Z @ 86
Event: 4.014 Thread 0x00000260afd83800 Uncommon trap: reason=class_check action=maybe_recompile pc=0x0000026097da8874 method=java.util.regex.Matcher.match(II)Z @ 86
Event: 4.040 Thread 0x00000260afd83800 Uncommon trap: reason=class_check action=maybe_recompile pc=0x0000026097d4ddb4 method=java.util.regex.Matcher.match(II)Z @ 86
Event: 4.108 Thread 0x00000260afd83800 Uncommon trap: reason=unstable_if action=reinterpret pc=0x0000026097f41774 method=java.lang.String.lastIndexOf([CII[CIII)I @ 66
Event: 4.166 Thread 0x00000260afd83800 Uncommon trap: reason=unstable_if action=reinterpret pc=0x0000026097d699dc method=java.io.WinNTFileSystem.resolve(Ljava/lang/String;Ljava/lang/String;)Ljava/lang/String; @ 117

Classes redefined (0 events):
No events

Internal exceptions (10 events):
Event: 0.643 Thread 0x0000026096164000 Exception <a 'java/lang/ArrayIndexOutOfBoundsException'> (0x0000000780facf20) thrown at [C:\workspace\openjdk-build\workspace\build\src\hotspot\src\share\vm\runtime\sharedRuntime.cpp, line 605]
Event: 0.644 Thread 0x0000026096164000 Exception <a 'java/lang/ArrayIndexOutOfBoundsException'> (0x0000000780fba468) thrown at [C:\workspace\openjdk-build\workspace\build\src\hotspot\src\share\vm\runtime\sharedRuntime.cpp, line 605]
Event: 0.645 Thread 0x0000026096164000 Exception <a 'java/lang/ArrayIndexOutOfBoundsException'> (0x0000000780fc6c80) thrown at [C:\workspace\openjdk-build\workspace\build\src\hotspot\src\share\vm\runtime\sharedRuntime.cpp, line 605]
Event: 0.646 Thread 0x0000026096164000 Exception <a 'java/lang/ArrayIndexOutOfBoundsException'> (0x0000000780fd97c8) thrown at [C:\workspace\openjdk-build\workspace\build\src\hotspot\src\share\vm\runtime\sharedRuntime.cpp, line 605]
Event: 0.648 Thread 0x0000026096164000 Exception <a 'java/lang/ArrayIndexOutOfBoundsException'> (0x0000000780ff7d08) thrown at [C:\workspace\openjdk-build\workspace\build\src\hotspot\src\share\vm\runtime\sharedRuntime.cpp, line 605]
Event: 0.649 Thread 0x0000026096164000 Exception <a 'java/lang/ArrayIndexOutOfBoundsException'> (0x0000000780ff9ec8) thrown at [C:\workspace\openjdk-build\workspace\build\src\hotspot\src\share\vm\runtime\sharedRuntime.cpp, line 605]
Event: 0.649 Thread 0x0000026096164000 Exception <a 'java/lang/ArrayIndexOutOfBoundsException'> (0x0000000780ffbaf0) thrown at [C:\workspace\openjdk-build\workspace\build\src\hotspot\src\share\vm\runtime\sharedRuntime.cpp, line 605]
Event: 1.619 Thread 0x0000026096164000 Exception <a 'java/lang/NoSuchFieldError': method resolution failed> (0x0000000781c9ce10) thrown at [C:\workspace\openjdk-build\workspace\build\src\hotspot\src\share\vm\prims\methodHandles.cpp, line 1169]
Event: 1.622 Thread 0x0000026096164000 Exception <a 'java/lang/NoSuchFieldError': method resolution failed> (0x0000000781caaab0) thrown at [C:\workspace\openjdk-build\workspace\build\src\hotspot\src\share\vm\prims\methodHandles.cpp, line 1169]
Event: 2.951 Thread 0x0000026096164000 Exception <a 'java/io/IOException'> (0x00000007805093a8) thrown at [C:\workspace\openjdk-build\workspace\build\src\hotspot\src\share\vm\prims\jni.cpp, line 711]

Events (10 events):
Event: 4.191 loading class org/gradle/groovy/scripts/ScriptCompiler
Event: 4.191 loading class org/gradle/groovy/scripts/ScriptCompiler done
Event: 4.192 loading class org/gradle/groovy/scripts/internal/BuildScopeInMemoryCachingScriptClassCompiler
Event: 4.192 loading class org/gradle/groovy/scripts/internal/BuildScopeInMemoryCachingScriptClassCompiler done
Event: 4.193 loading class org/gradle/groovy/scripts/internal/DefaultScriptRunnerFactory
Event: 4.193 loading class org/gradle/groovy/scripts/internal/DefaultScriptRunnerFactory done
Event: 4.193 loading class org/gradle/groovy/scripts/ScriptRunner
Event: 4.193 loading class org/gradle/groovy/scripts/ScriptRunner done
Event: 4.194 loading class org/gradle/api/internal/initialization/DefaultScriptHandlerFactory
Event: 4.194 loading class org/gradle/api/internal/initialization/DefaultScriptHandlerFactory done


Dynamic libraries:
0x00007ff73a9b0000 - 0x00007ff73a9ea000 	C:\Program Files\AdoptOpenJDK\jdk-8.0.262.10-hotspot\bin\java.exe
0x00007ff8b5310000 - 0x00007ff8b5504000 	C:\WINDOWS\SYSTEM32\ntdll.dll
0x00007ff8b4250000 - 0x00007ff8b430d000 	C:\WINDOWS\System32\KERNEL32.DLL
0x00007ff8b2d40000 - 0x00007ff8b3007000 	C:\WINDOWS\System32\KERNELBASE.dll
0x00007ff8b4590000 - 0x00007ff8b463a000 	C:\WINDOWS\System32\ADVAPI32.dll
0x00007ff8b4df0000 - 0x00007ff8b4e8e000 	C:\WINDOWS\System32\msvcrt.dll
0x00007ff8b4fb0000 - 0x00007ff8b504b000 	C:\WINDOWS\System32\sechost.dll
0x00007ff8b49a0000 - 0x00007ff8b4ac3000 	C:\WINDOWS\System32\RPCRT4.dll
0x00007ff8b43f0000 - 0x00007ff8b4590000 	C:\WINDOWS\System32\USER32.dll
0x00007ff8b2ce0000 - 0x00007ff8b2d02000 	C:\WINDOWS\System32\win32u.dll
0x00007ff8b4c10000 - 0x00007ff8b4c3a000 	C:\WINDOWS\System32\GDI32.dll
0x00007ff8b2bd0000 - 0x00007ff8b2cda000 	C:\WINDOWS\System32\gdi32full.dll
0x00007ff8b2a60000 - 0x00007ff8b2afd000 	C:\WINDOWS\System32\msvcp_win.dll
0x00007ff8b31d0000 - 0x00007ff8b32d0000 	C:\WINDOWS\System32\ucrtbase.dll
0x00007ff8a0d50000 - 0x00007ff8a0fea000 	C:\WINDOWS\WinSxS\amd64_microsoft.windows.common-controls_6595b64144ccf1df_6.0.19041.1_none_b555e41d4684ddec\COMCTL32.dll
0x00007ff8b3f90000 - 0x00007ff8b3fc0000 	C:\WINDOWS\System32\IMM32.DLL
0x00007ff891dc0000 - 0x00007ff891eaf000 	C:\Program Files\AdoptOpenJDK\jdk-8.0.262.10-hotspot\jre\bin\msvcr120.dll
0x00007ff883c70000 - 0x00007ff883d16000 	C:\Program Files\AdoptOpenJDK\jdk-8.0.262.10-hotspot\jre\bin\msvcp120.dll
0x000000006cec0000 - 0x000000006d727000 	C:\Program Files\AdoptOpenJDK\jdk-8.0.262.10-hotspot\jre\bin\server\jvm.dll
0x00007ff8b4ca0000 - 0x00007ff8b4ca8000 	C:\WINDOWS\System32\PSAPI.DLL
0x00007ff8a4980000 - 0x00007ff8a49a7000 	C:\WINDOWS\SYSTEM32\WINMM.dll
0x00007ff8aa840000 - 0x00007ff8aa84a000 	C:\WINDOWS\SYSTEM32\VERSION.dll
0x00007ff8a5370000 - 0x00007ff8a5379000 	C:\WINDOWS\SYSTEM32\WSOCK32.dll
0x00007ff8b4b30000 - 0x00007ff8b4b9b000 	C:\WINDOWS\System32\WS2_32.dll
0x00007ff8a4650000 - 0x00007ff8a465f000 	C:\Program Files\AdoptOpenJDK\jdk-8.0.262.10-hotspot\jre\bin\verify.dll
0x00007ff891d20000 - 0x00007ff891d48000 	C:\Program Files\AdoptOpenJDK\jdk-8.0.262.10-hotspot\jre\bin\java.dll
0x00007ff891690000 - 0x00007ff8916a6000 	C:\Program Files\AdoptOpenJDK\jdk-8.0.262.10-hotspot\jre\bin\zip.dll
0x00007ff8b3850000 - 0x00007ff8b3f85000 	C:\WINDOWS\System32\SHELL32.dll
0x00007ff8b0bf0000 - 0x00007ff8b137f000 	C:\WINDOWS\SYSTEM32\windows.storage.dll
0x00007ff8b4640000 - 0x00007ff8b4993000 	C:\WINDOWS\System32\combase.dll
0x00007ff8b2410000 - 0x00007ff8b243b000 	C:\WINDOWS\SYSTEM32\Wldp.dll
0x00007ff8b5220000 - 0x00007ff8b52ce000 	C:\WINDOWS\System32\SHCORE.dll
0x00007ff8b37f0000 - 0x00007ff8b3845000 	C:\WINDOWS\System32\shlwapi.dll
0x00007ff8b29a0000 - 0x00007ff8b29bf000 	C:\WINDOWS\SYSTEM32\profapi.dll
0x00007ff891670000 - 0x00007ff89168a000 	C:\Program Files\AdoptOpenJDK\jdk-8.0.262.10-hotspot\jre\bin\net.dll
0x00007ff8b2190000 - 0x00007ff8b21fa000 	C:\WINDOWS\system32\mswsock.dll
0x00007ff891650000 - 0x00007ff891662000 	C:\Program Files\AdoptOpenJDK\jdk-8.0.262.10-hotspot\jre\bin\nio.dll
0x00007ff8a4410000 - 0x00007ff8a442e000 	C:\Users\PC\.gradle\native\25\windows-amd64\native-platform.dll
0x00007ff8a4400000 - 0x00007ff8a440d000 	C:\Program Files\AdoptOpenJDK\jdk-8.0.262.10-hotspot\jre\bin\management.dll
0x00007ff8b2360000 - 0x00007ff8b2378000 	C:\WINDOWS\SYSTEM32\CRYPTSP.dll
0x00007ff8b1b20000 - 0x00007ff8b1b54000 	C:\WINDOWS\system32\rsaenh.dll
0x00007ff8b2d10000 - 0x00007ff8b2d37000 	C:\WINDOWS\System32\bcrypt.dll
0x00007ff8b2920000 - 0x00007ff8b294e000 	C:\WINDOWS\SYSTEM32\USERENV.dll
0x00007ff8b2b50000 - 0x00007ff8b2bcf000 	C:\WINDOWS\System32\bcryptprimitives.dll
0x00007ff8b2380000 - 0x00007ff8b238c000 	C:\WINDOWS\SYSTEM32\CRYPTBASE.dll
0x00007ff8b1e80000 - 0x00007ff8b1ebb000 	C:\WINDOWS\SYSTEM32\IPHLPAPI.DLL
0x00007ff8b4ba0000 - 0x00007ff8b4ba9000 	C:\WINDOWS\System32\NSI.dll
0x00007ff8a9e10000 - 0x00007ff8a9e27000 	C:\WINDOWS\SYSTEM32\dhcpcsvc6.DLL
0x00007ff8a9df0000 - 0x00007ff8a9e0d000 	C:\WINDOWS\SYSTEM32\dhcpcsvc.DLL
0x00007ff8b1ec0000 - 0x00007ff8b1f8a000 	C:\WINDOWS\SYSTEM32\DNSAPI.dll

VM Arguments:
jvm_args: -Xmx3G -Dfile.encoding=windows-1252 -Duser.country=BR -Duser.language=pt -Duser.variant 
java_command: org.gradle.launcher.daemon.bootstrap.GradleDaemon 4.9
java_class_path (initial): C:\Users\PC\.gradle\wrapper\dists\gradle-4.9-bin\e9cinqnqvph59rr7g70qubb4t\gradle-4.9\lib\gradle-launcher-4.9.jar
Launcher Type: SUN_STANDARD

Environment Variables:
JAVA_HOME=C:\Program Files\AdoptOpenJDK\jdk-8.0.262.10-hotspot
CLASSPATH=C:\Users\PC\Documents\CumanAdditions\\gradle\wrapper\gradle-wrapper.jar
PATH=C:\Program Files\AdoptOpenJDK\jdk-8.0.262.10-hotspot\bin;C:\Program Files (x86)\Common Files\Oracle\Java\javapath;C:\WINDOWS\system32;C:\WINDOWS;C:\WINDOWS\System32\Wbem;C:\WINDOWS\System32\WindowsPowerShell\v1.0\;C:\WINDOWS\System32\OpenSSH\;C:\Users\PC\AppData\Local\Microsoft\WindowsApps;
USERNAME=PC
OS=Windows_NT
PROCESSOR_IDENTIFIER=Intel64 Family 6 Model 142 Stepping 9, GenuineIntel



---------------  S Y S T E M  ---------------

OS: Windows 10.0 , 64 bit Build 19041 (10.0.19041.292)

CPU:total 4 (initial active 4) (2 cores per cpu, 2 threads per core) family 6 model 142 stepping 9, cmov, cx8, fxsr, mmx, sse, sse2, sse3, ssse3, sse4.1, sse4.2, popcnt, avx, avx2, aes, clmul, erms, 3dnowpref, lzcnt, ht, tsc, tscinvbit, bmi1, bmi2, adx

Memory: 4k page, physical 8251176k(614776k free), swap 33417000k(5128k free)

vm_info: OpenJDK 64-Bit Server VM (25.262-b10) for windows-amd64 JRE (1.8.0_262-b10), built on Jul 15 2020 06:02:55 by "jenkins" with MS VC++ 12.0 (VS2013)

time: Sat Aug 01 12:21:58 2020
timezone: Hora oficial do Brasil
elapsed time: 4 seconds (0d 0h 0m 4s)

