#
# There is insufficient memory for the Java Runtime Environment to continue.
# Native memory allocation (malloc) failed to allocate 996256 bytes for Chunk::new
# Possible reasons:
#   The system is out of physical RAM or swap space
#   The process is running with CompressedOops enabled, and the Java Heap may be blocking the growth of the native heap
# Possible solutions:
#   Reduce memory load on the system
#   Increase physical memory or swap space
#   Check if swap backing store is full
#   Decrease Java heap size (-Xmx/-Xms)
#   Decrease number of Java threads
#   Decrease Java thread stack sizes (-Xss)
#   Set larger code cache with -XX:ReservedCodeCacheSize=
#   JVM is running with Zero Based Compressed Oops mode in which the Java heap is
#     placed in the first 32GB address space. The Java Heap base address is the
#     maximum limit for the native heap growth. Please use -XX:HeapBaseMinAddress
#     to set the Java Heap base and to place the Java Heap above 32GB virtual address.
# This output file may be truncated or incomplete.
#
#  Out of Memory Error (allocation.cpp:389), pid=10692, tid=0x000000000000598c
#
# JRE version: OpenJDK Runtime Environment (8.0_262-b10) (build 1.8.0_262-b10)
# Java VM: OpenJDK 64-Bit Server VM (25.262-b10 mixed mode windows-amd64 compressed oops)
# Failed to write core dump. Minidumps are not enabled by default on client versions of Windows
#

---------------  T H R E A D  ---------------

Current thread (0x00000215f77df000):  JavaThread "C2 CompilerThread1" daemon [_thread_in_native, id=22924, stack(0x0000008fb7f00000,0x0000008fb8000000)]

Stack: [0x0000008fb7f00000,0x0000008fb8000000]
[error occurred during error reporting (printing stack bounds), id 0xc0000005]

Native frames: (J=compiled Java code, j=interpreted, Vv=VM code, C=native code)


Current CompileTask:
C2: 112935 8817       4       net.minecraftforge.srg2source.rangeapplier.ExceptorFile::parseLine (344 bytes)


---------------  P R O C E S S  ---------------

Java Threads: ( => current thread )
  0x00000215fb722000 JavaThread "Cache worker for Build Output Cleanup Cache (C:\Users\PC\Documents\CumanAdditions\.gradle\buildOutputCleanup)" [_thread_blocked, id=5792, stack(0x0000008fb9d00000,0x0000008fb9e00000)]
  0x00000215fb726800 JavaThread "Cache worker for task history cache (C:\Users\PC\Documents\CumanAdditions\.gradle\4.9\taskHistory)" [_thread_blocked, id=19216, stack(0x0000008fb9c00000,0x0000008fb9d00000)]
  0x00000215fb720800 JavaThread "Task worker for ':' Thread 3" [_thread_blocked, id=19520, stack(0x0000008fb9b00000,0x0000008fb9c00000)]
  0x00000215fb726000 JavaThread "Task worker for ':' Thread 2" [_thread_blocked, id=18592, stack(0x0000008fb9a00000,0x0000008fb9b00000)]
  0x00000215fb71f000 JavaThread "Task worker for ':'" [_thread_blocked, id=9672, stack(0x0000008fb9900000,0x0000008fb9a00000)]
  0x00000215fb722800 JavaThread "Cache worker for file content cache (C:\Users\PC\Documents\CumanAdditions\.gradle\4.9\fileContent)" [_thread_blocked, id=10528, stack(0x0000008fb9800000,0x0000008fb9900000)]
  0x00000215fb725000 JavaThread "Cache worker for file content cache (C:\Users\PC\.gradle\caches\4.9\fileContent)" [_thread_blocked, id=17772, stack(0x0000008fb9700000,0x0000008fb9800000)]
  0x00000215fb723800 JavaThread "Memory manager" [_thread_blocked, id=22244, stack(0x0000008fb9600000,0x0000008fb9700000)]
  0x00000215fb71c800 JavaThread "Build operations Thread 4" [_thread_blocked, id=19840, stack(0x0000008fb9400000,0x0000008fb9500000)]
  0x00000215fb71f800 JavaThread "Build operations Thread 3" [_thread_blocked, id=13576, stack(0x0000008fb9300000,0x0000008fb9400000)]
  0x00000215f77e3800 JavaThread "Build operations Thread 2" [_thread_blocked, id=23640, stack(0x0000008fb9200000,0x0000008fb9300000)]
  0x00000215f77e2800 JavaThread "Build operations" [_thread_blocked, id=23272, stack(0x0000008fb9100000,0x0000008fb9200000)]
  0x00000215f77e2000 JavaThread "Cache worker for Artifact transforms cache (C:\Users\PC\.gradle\caches\transforms-1)" [_thread_blocked, id=22100, stack(0x0000008fb9000000,0x0000008fb9100000)]
  0x00000215f77e5800 JavaThread "Cache worker for cache directory md-rule (C:\Users\PC\.gradle\caches\4.9\md-rule)" [_thread_blocked, id=8060, stack(0x0000008fb8f00000,0x0000008fb9000000)]
  0x00000215f77e5000 JavaThread "Cache worker for cache directory md-supplier (C:\Users\PC\.gradle\caches\4.9\md-supplier)" [_thread_blocked, id=8236, stack(0x0000008fb8e00000,0x0000008fb8f00000)]
  0x00000215f77e4000 JavaThread "Cache worker for file hash cache (C:\Users\PC\Documents\CumanAdditions\.gradle\4.9\fileHashes)" [_thread_blocked, id=12388, stack(0x0000008fb8d00000,0x0000008fb8e00000)]
  0x00000215f84cf000 JavaThread "File lock request listener" [_thread_in_native, id=7792, stack(0x0000008fb8c00000,0x0000008fb8d00000)]
  0x00000215f96b6800 JavaThread "Cache worker for file hash cache (C:\Users\PC\.gradle\caches\4.9\fileHashes)" [_thread_blocked, id=8484, stack(0x0000008fb8b00000,0x0000008fb8c00000)]
  0x00000215f83c6800 JavaThread "Stdin handler" [_thread_blocked, id=5436, stack(0x0000008fb8a00000,0x0000008fb8b00000)]
  0x00000215f83c5800 JavaThread "Asynchronous log dispatcher for DefaultDaemonConnection: socket connection from /127.0.0.1:59227 to /127.0.0.1:59228" [_thread_blocked, id=6596, stack(0x0000008fb8900000,0x0000008fb8a00000)]
  0x00000215f8c15800 JavaThread "Daemon worker" [_thread_blocked, id=6624, stack(0x0000008fb8800000,0x0000008fb8900000)]
  0x00000215f8c15000 JavaThread "Cancel handler" [_thread_blocked, id=13868, stack(0x0000008fb8700000,0x0000008fb8800000)]
  0x00000215f8574800 JavaThread "Handler for socket connection from /127.0.0.1:59227 to /127.0.0.1:59228" [_thread_in_native, id=6108, stack(0x0000008fb8600000,0x0000008fb8700000)]
  0x00000215f8574000 JavaThread "Daemon" [_thread_blocked, id=19372, stack(0x0000008fb8500000,0x0000008fb8600000)]
  0x00000215f8405800 JavaThread "Daemon periodic checks" [_thread_blocked, id=24720, stack(0x0000008fb8400000,0x0000008fb8500000)]
  0x00000215f782e000 JavaThread "Incoming local TCP Connector on port 59227" [_thread_in_native, id=21148, stack(0x0000008fb8300000,0x0000008fb8400000)]
  0x00000215f786b800 JavaThread "Service Thread" daemon [_thread_blocked, id=5084, stack(0x0000008fb8100000,0x0000008fb8200000)]
  0x00000215f77e6800 JavaThread "C1 CompilerThread2" daemon [_thread_blocked, id=3212, stack(0x0000008fb8000000,0x0000008fb8100000)]
=>0x00000215f77df000 JavaThread "C2 CompilerThread1" daemon [_thread_in_native, id=22924, stack(0x0000008fb7f00000,0x0000008fb8000000)]
  0x00000215f77bd000 JavaThread "C2 CompilerThread0" daemon [_thread_blocked, id=8860, stack(0x0000008fb7e00000,0x0000008fb7f00000)]
  0x00000215f77d1800 JavaThread "Attach Listener" daemon [_thread_blocked, id=14192, stack(0x0000008fb7d00000,0x0000008fb7e00000)]
  0x00000215f77cf000 JavaThread "Signal Dispatcher" daemon [_thread_blocked, id=4900, stack(0x0000008fb7c00000,0x0000008fb7d00000)]
  0x00000215f7079000 JavaThread "Finalizer" daemon [_thread_blocked, id=22940, stack(0x0000008fb7b00000,0x0000008fb7c00000)]
  0x00000215f77a6000 JavaThread "Reference Handler" daemon [_thread_blocked, id=2924, stack(0x0000008fb7a00000,0x0000008fb7b00000)]
  0x00000215deb04000 JavaThread "main" [_thread_blocked, id=19440, stack(0x0000008fb7400000,0x0000008fb7500000)]

Other Threads:
  0x00000215f7785000 VMThread [stack: 0x0000008fb7900000,0x0000008fb7a00000] [id=3648]
  0x00000215f786d800 WatcherThread [stack: 0x0000008fb8200000,0x0000008fb8300000] [id=25152]

VM state:at safepoint (normal execution)

VM Mutex/Monitor currently owned by a thread:  ([mutex/lock_event])
[0x00000215deb01920] Threads_lock - owner thread: 0x00000215f7785000
[0x00000215deb01fb0] Heap_lock - owner thread: 0x00000215fb720800

heap address: 0x0000000700000000, size: 3072 MB, Compressed Oops mode: Zero based, Oop shift amount: 3
Narrow klass base: 0x0000000000000000, Narrow klass shift: 3
Compressed class space size: 1073741824 Address: 0x00000007c0000000

Heap:
 PSYoungGen      total 140800K, used 20976K [0x0000000780000000, 0x000000078c880000, 0x00000007c0000000)
  eden space 119808K, 0% used [0x0000000780000000,0x0000000780000000,0x0000000787500000)
  from space 20992K, 99% used [0x0000000787500000,0x000000078897c088,0x0000000788980000)
  to   space 33280K, 0% used [0x000000078a800000,0x000000078a800000,0x000000078c880000)
 ParOldGen       total 109056K, used 101198K [0x0000000700000000, 0x0000000706a80000, 0x0000000780000000)
  object space 109056K, 92% used [0x0000000700000000,0x00000007062d3bc8,0x0000000706a80000)
 Metaspace       used 64760K, capacity 65596K, committed 66328K, reserved 1107968K
  class space    used 8199K, capacity 8494K, committed 8496K, reserved 1048576K

Card table byte_map: [0x00000215ef730000,0x00000215efd40000] byte_map_base: 0x00000215ebf30000

Marking Bits: (ParMarkBitMap*) 0x000000006d6a8790
 Begin Bits: [0x00000215f0140000, 0x00000215f3140000)
 End Bits:   [0x00000215f3140000, 0x00000215f6140000)

Polling page: 0x00000215dea80000

CodeCache: size=245760Kb used=29912Kb max_used=29928Kb free=215847Kb
 bounds [0x00000215e0370000, 0x00000215e20d0000, 0x00000215ef370000]
 total_blobs=8671 nmethods=7839 adapters=742
 compilation: enabled

Compilation events (10 events):
Event: 112.708 Thread 0x00000215f77e6800 8869       3       net.minecraftforge.srg2source.rangeapplier.ExceptorFile$ExcLine::getMethodData (41 bytes)
Event: 112.709 Thread 0x00000215f77e6800 nmethod 8869 0x00000215e20a0f10 code [0x00000215e20a1100, 0x00000215e20a1ac0]
Event: 112.711 Thread 0x00000215f77bd000 nmethod 8864 0x00000215e20c2950 code [0x00000215e20c2ac0, 0x00000215e20c3038]
Event: 112.711 Thread 0x00000215f77bd000 8828       4       com.google.common.collect.HashBiMap::put (169 bytes)
Event: 112.713 Thread 0x00000215f77e6800 8871       3       com.google.common.collect.HashBiMap::seekByValue (47 bytes)
Event: 112.714 Thread 0x00000215f77e6800 nmethod 8871 0x00000215e20bf150 code [0x00000215e20bf2e0, 0x00000215e20bf7d0]
Event: 112.774 Thread 0x00000215f77bd000 nmethod 8828 0x00000215e20c6b90 code [0x00000215e20c6d80, 0x00000215e20c8cb8]
Event: 112.774 Thread 0x00000215f77bd000 8870       4       com.google.common.collect.HashBiMap::seekByKey (47 bytes)
Event: 112.782 Thread 0x00000215f77bd000 nmethod 8870 0x00000215e20bd0d0 code [0x00000215e20bd240, 0x00000215e20bd818]
Event: 112.782 Thread 0x00000215f77bd000 8875 %     4       net.minecraftforge.srg2source.rangeapplier.RenameMap::readParamMap @ 261 (501 bytes)

GC Heap History (10 events):
Event: 109.189 GC heap after
Heap after GC invocations=58 (full 3):
 PSYoungGen      total 126976K, used 0K [0x0000000780000000, 0x0000000789c00000, 0x00000007c0000000)
  eden space 109056K, 0% used [0x0000000780000000,0x0000000780000000,0x0000000786a80000)
  from space 17920K, 0% used [0x0000000786a80000,0x0000000786a80000,0x0000000787c00000)
  to   space 18944K, 0% used [0x0000000788980000,0x0000000788980000,0x0000000789c00000)
 ParOldGen       total 109056K, used 39104K [0x0000000700000000, 0x0000000706a80000, 0x0000000780000000)
  object space 109056K, 35% used [0x0000000700000000,0x00000007026301f8,0x0000000706a80000)
 Metaspace       used 57914K, capacity 58638K, committed 59160K, reserved 1099776K
  class space    used 7605K, capacity 7879K, committed 7984K, reserved 1048576K
}
Event: 111.444 GC heap before
{Heap before GC invocations=59 (full 3):
 PSYoungGen      total 126976K, used 109056K [0x0000000780000000, 0x0000000789c00000, 0x00000007c0000000)
  eden space 109056K, 100% used [0x0000000780000000,0x0000000786a80000,0x0000000786a80000)
  from space 17920K, 0% used [0x0000000786a80000,0x0000000786a80000,0x0000000787c00000)
  to   space 18944K, 0% used [0x0000000788980000,0x0000000788980000,0x0000000789c00000)
 ParOldGen       total 109056K, used 39104K [0x0000000700000000, 0x0000000706a80000, 0x0000000780000000)
  object space 109056K, 35% used [0x0000000700000000,0x00000007026301f8,0x0000000706a80000)
 Metaspace       used 64258K, capacity 65060K, committed 65816K, reserved 1105920K
  class space    used 8147K, capacity 8450K, committed 8496K, reserved 1048576K
Event: 111.473 GC heap after
Heap after GC invocations=59 (full 3):
 PSYoungGen      total 138752K, used 15242K [0x0000000780000000, 0x000000078a180000, 0x00000007c0000000)
  eden space 119808K, 0% used [0x0000000780000000,0x0000000780000000,0x0000000787500000)
  from space 18944K, 80% used [0x0000000788980000,0x0000000789862b38,0x0000000789c00000)
  to   space 20992K, 0% used [0x0000000787500000,0x0000000787500000,0x0000000788980000)
 ParOldGen       total 109056K, used 39112K [0x0000000700000000, 0x0000000706a80000, 0x0000000780000000)
  object space 109056K, 35% used [0x0000000700000000,0x00000007026321f8,0x0000000706a80000)
 Metaspace       used 64258K, capacity 65060K, committed 65816K, reserved 1105920K
  class space    used 8147K, capacity 8450K, committed 8496K, reserved 1048576K
}
Event: 112.151 GC heap before
{Heap before GC invocations=60 (full 3):
 PSYoungGen      total 138752K, used 135050K [0x0000000780000000, 0x000000078a180000, 0x00000007c0000000)
  eden space 119808K, 100% used [0x0000000780000000,0x0000000787500000,0x0000000787500000)
  from space 18944K, 80% used [0x0000000788980000,0x0000000789862b38,0x0000000789c00000)
  to   space 20992K, 0% used [0x0000000787500000,0x0000000787500000,0x0000000788980000)
 ParOldGen       total 109056K, used 39112K [0x0000000700000000, 0x0000000706a80000, 0x0000000780000000)
  object space 109056K, 35% used [0x0000000700000000,0x00000007026321f8,0x0000000706a80000)
 Metaspace       used 64727K, capacity 65532K, committed 66072K, reserved 1107968K
  class space    used 8196K, capacity 8494K, committed 8496K, reserved 1048576K
Event: 112.193 GC heap after
Heap after GC invocations=60 (full 3):
 PSYoungGen      total 140800K, used 20960K [0x0000000780000000, 0x000000078c880000, 0x00000007c0000000)
  eden space 119808K, 0% used [0x0000000780000000,0x0000000780000000,0x0000000787500000)
  from space 20992K, 99% used [0x0000000787500000,0x00000007889780f8,0x0000000788980000)
  to   space 33280K, 0% used [0x000000078a800000,0x000000078a800000,0x000000078c880000)
 ParOldGen       total 109056K, used 61702K [0x0000000700000000, 0x0000000706a80000, 0x0000000780000000)
  object space 109056K, 56% used [0x0000000700000000,0x0000000703c418a8,0x0000000706a80000)
 Metaspace       used 64727K, capacity 65532K, committed 66072K, reserved 1107968K
  class space    used 8196K, capacity 8494K, committed 8496K, reserved 1048576K
}
Event: 112.496 GC heap before
{Heap before GC invocations=61 (full 3):
 PSYoungGen      total 140800K, used 140768K [0x0000000780000000, 0x000000078c880000, 0x00000007c0000000)
  eden space 119808K, 100% used [0x0000000780000000,0x0000000787500000,0x0000000787500000)
  from space 20992K, 99% used [0x0000000787500000,0x00000007889780f8,0x0000000788980000)
  to   space 33280K, 0% used [0x000000078a800000,0x000000078a800000,0x000000078c880000)
 ParOldGen       total 109056K, used 61702K [0x0000000700000000, 0x0000000706a80000, 0x0000000780000000)
  object space 109056K, 56% used [0x0000000700000000,0x0000000703c418a8,0x0000000706a80000)
 Metaspace       used 64760K, capacity 65596K, committed 66328K, reserved 1107968K
  class space    used 8199K, capacity 8494K, committed 8496K, reserved 1048576K
Event: 112.556 GC heap after
Heap after GC invocations=61 (full 3):
 PSYoungGen      total 153088K, used 33248K [0x0000000780000000, 0x000000078c880000, 0x00000007c0000000)
  eden space 119808K, 0% used [0x0000000780000000,0x0000000780000000,0x0000000787500000)
  from space 33280K, 99% used [0x000000078a800000,0x000000078c878108,0x000000078c880000)
  to   space 20992K, 0% used [0x0000000787500000,0x0000000787500000,0x0000000788980000)
 ParOldGen       total 109056K, used 74548K [0x0000000700000000, 0x0000000706a80000, 0x0000000780000000)
  object space 109056K, 68% used [0x0000000700000000,0x00000007048cd308,0x0000000706a80000)
 Metaspace       used 64760K, capacity 65596K, committed 66328K, reserved 1107968K
  class space    used 8199K, capacity 8494K, committed 8496K, reserved 1048576K
}
Event: 112.783 GC heap before
{Heap before GC invocations=62 (full 3):
 PSYoungGen      total 153088K, used 153056K [0x0000000780000000, 0x000000078c880000, 0x00000007c0000000)
  eden space 119808K, 100% used [0x0000000780000000,0x0000000787500000,0x0000000787500000)
  from space 33280K, 99% used [0x000000078a800000,0x000000078c878108,0x000000078c880000)
  to   space 20992K, 0% used [0x0000000787500000,0x0000000787500000,0x0000000788980000)
 ParOldGen       total 109056K, used 74548K [0x0000000700000000, 0x0000000706a80000, 0x0000000780000000)
  object space 109056K, 68% used [0x0000000700000000,0x00000007048cd308,0x0000000706a80000)
 Metaspace       used 64760K, capacity 65596K, committed 66328K, reserved 1107968K
  class space    used 8199K, capacity 8494K, committed 8496K, reserved 1048576K
Event: 112.860 GC heap after
Heap after GC invocations=62 (full 3):
 PSYoungGen      total 140800K, used 20976K [0x0000000780000000, 0x000000078c880000, 0x00000007c0000000)
  eden space 119808K, 0% used [0x0000000780000000,0x0000000780000000,0x0000000787500000)
  from space 20992K, 99% used [0x0000000787500000,0x000000078897c088,0x0000000788980000)
  to   space 33280K, 0% used [0x000000078a800000,0x000000078a800000,0x000000078c880000)
 ParOldGen       total 109056K, used 101198K [0x0000000700000000, 0x0000000706a80000, 0x0000000780000000)
  object space 109056K, 92% used [0x0000000700000000,0x00000007062d3bc8,0x0000000706a80000)
 Metaspace       used 64760K, capacity 65596K, committed 66328K, reserved 1107968K
  class space    used 8199K, capacity 8494K, committed 8496K, reserved 1048576K
}
Event: 112.860 GC heap before
{Heap before GC invocations=63 (full 4):
 PSYoungGen      total 140800K, used 20976K [0x0000000780000000, 0x000000078c880000, 0x00000007c0000000)
  eden space 119808K, 0% used [0x0000000780000000,0x0000000780000000,0x0000000787500000)
  from space 20992K, 99% used [0x0000000787500000,0x000000078897c088,0x0000000788980000)
  to   space 33280K, 0% used [0x000000078a800000,0x000000078a800000,0x000000078c880000)
 ParOldGen       total 109056K, used 101198K [0x0000000700000000, 0x0000000706a80000, 0x0000000780000000)
  object space 109056K, 92% used [0x0000000700000000,0x00000007062d3bc8,0x0000000706a80000)
 Metaspace       used 64760K, capacity 65596K, committed 66328K, reserved 1107968K
  class space    used 8199K, capacity 8494K, committed 8496K, reserved 1048576K

Deoptimization events (10 events):
Event: 111.682 Thread 0x00000215fb720800 Uncommon trap: reason=unstable_if action=reinterpret pc=0x00000215e19bc728 method=sun.nio.cs.SingleByte$Decoder.decodeArrayLoop(Ljava/nio/ByteBuffer;Ljava/nio/CharBuffer;)Ljava/nio/charset/CoderResult; @ 70
Event: 112.041 Thread 0x00000215fb720800 Uncommon trap: reason=unstable_if action=reinterpret pc=0x00000215e206b5ac method=com.google.common.collect.HashBiMap$Itr.hasNext()Z @ 26
Event: 112.262 Thread 0x00000215fb720800 Uncommon trap: reason=bimorphic action=maybe_recompile pc=0x00000215e20827a8 method=java.util.regex.Matcher.search(I)Z @ 86
Event: 112.262 Thread 0x00000215fb720800 Uncommon trap: reason=bimorphic action=maybe_recompile pc=0x00000215e20827a8 method=java.util.regex.Matcher.search(I)Z @ 86
Event: 112.262 Thread 0x00000215fb720800 Uncommon trap: reason=bimorphic action=maybe_recompile pc=0x00000215e20827a8 method=java.util.regex.Matcher.search(I)Z @ 86
Event: 112.262 Thread 0x00000215fb720800 Uncommon trap: reason=bimorphic action=maybe_recompile pc=0x00000215e20827a8 method=java.util.regex.Matcher.search(I)Z @ 86
Event: 112.321 Thread 0x00000215fb720800 Uncommon trap: reason=unstable_if action=reinterpret pc=0x00000215e2086990 method=java.io.BufferedReader$1.hasNext()Z @ 24
Event: 112.326 Thread 0x00000215fb720800 Uncommon trap: reason=unstable_if action=reinterpret pc=0x00000215e2028954 method=com.google.common.collect.HashBiMap.insert(Lcom/google/common/collect/HashBiMap$BiEntry;Lcom/google/common/collect/HashBiMap$BiEntry;)V @ 78
Event: 112.359 Thread 0x00000215fb720800 Uncommon trap: reason=unstable_if action=reinterpret pc=0x00000215e20277d4 method=com.google.common.collect.HashBiMap.seekByKey(Ljava/lang/Object;I)Lcom/google/common/collect/HashBiMap$BiEntry; @ 21
Event: 112.378 Thread 0x00000215fb720800 Uncommon trap: reason=unstable_if action=reinterpret pc=0x00000215e2027b14 method=com.google.common.collect.HashBiMap.seekByValue(Ljava/lang/Object;I)Lcom/google/common/collect/HashBiMap$BiEntry; @ 21

Classes redefined (0 events):
No events

Internal exceptions (10 events):
Event: 110.306 Thread 0x00000215f8c15800 Exception <a 'java/lang/ClassCastException': org.eclipse.jdt.internal.compiler.lookup.ParameterizedTypeBinding cannot be cast to org.eclipse.jdt.internal.compiler.lookup.SourceTypeBinding> (0x000000078425d7c0) thrown at [C:\workspace\openjdk-build\workspa
Event: 110.313 Thread 0x00000215f8c15800 Exception <a 'java/lang/ClassCastException': org.eclipse.jdt.internal.compiler.lookup.ParameterizedTypeBinding cannot be cast to org.eclipse.jdt.internal.compiler.lookup.SourceTypeBinding> (0x00000007842973e8) thrown at [C:\workspace\openjdk-build\workspa
Event: 110.314 Thread 0x00000215f8c15800 Exception <a 'java/lang/ClassCastException': org.eclipse.jdt.internal.compiler.lookup.ParameterizedTypeBinding cannot be cast to org.eclipse.jdt.internal.compiler.lookup.SourceTypeBinding> (0x000000078429fac0) thrown at [C:\workspace\openjdk-build\workspa
Event: 110.318 Thread 0x00000215f8c15800 Exception <a 'java/lang/ClassCastException': org.eclipse.jdt.internal.compiler.lookup.ParameterizedTypeBinding cannot be cast to org.eclipse.jdt.internal.compiler.lookup.SourceTypeBinding> (0x00000007842ccfd8) thrown at [C:\workspace\openjdk-build\workspa
Event: 110.319 Thread 0x00000215f8c15800 Exception <a 'java/lang/ClassCastException': org.eclipse.jdt.internal.compiler.lookup.ParameterizedTypeBinding cannot be cast to org.eclipse.jdt.internal.compiler.lookup.SourceTypeBinding> (0x00000007842d56b0) thrown at [C:\workspace\openjdk-build\workspa
Event: 110.322 Thread 0x00000215f8c15800 Exception <a 'java/lang/ClassCastException': org.eclipse.jdt.internal.compiler.lookup.ParameterizedTypeBinding cannot be cast to org.eclipse.jdt.internal.compiler.lookup.SourceTypeBinding> (0x0000000784302b48) thrown at [C:\workspace\openjdk-build\workspa
Event: 110.324 Thread 0x00000215f8c15800 Exception <a 'java/lang/ClassCastException': org.eclipse.jdt.internal.compiler.lookup.ParameterizedTypeBinding cannot be cast to org.eclipse.jdt.internal.compiler.lookup.SourceTypeBinding> (0x000000078430b220) thrown at [C:\workspace\openjdk-build\workspa
Event: 110.330 Thread 0x00000215f8c15800 Exception <a 'java/lang/ClassCastException': org.eclipse.jdt.internal.compiler.lookup.ParameterizedTypeBinding cannot be cast to org.eclipse.jdt.internal.compiler.lookup.SourceTypeBinding> (0x0000000784339490) thrown at [C:\workspace\openjdk-build\workspa
Event: 110.331 Thread 0x00000215f8c15800 Exception <a 'java/lang/ClassCastException': org.eclipse.jdt.internal.compiler.lookup.ParameterizedTypeBinding cannot be cast to org.eclipse.jdt.internal.compiler.lookup.SourceTypeBinding> (0x0000000784341c88) thrown at [C:\workspace\openjdk-build\workspa
Event: 112.326 Thread 0x00000215fb720800 Implicit null exception at 0x00000215e2028842 to 0x00000215e2028941

Events (10 events):
Event: 112.360 loading class com/google/common/base/Objects
Event: 112.360 loading class com/google/common/base/Objects done
Event: 112.369 loading class com/google/common/base/ExtraObjectsMethodsForWeb
Event: 112.369 loading class com/google/common/base/ExtraObjectsMethodsForWeb done
Event: 112.378 Thread 0x00000215fb720800 Uncommon trap: trap_request=0xffffff65 fr.pc=0x00000215e2027b14
Event: 112.378 Thread 0x00000215fb720800 DEOPT PACKING pc=0x00000215e2027b14 sp=0x0000008fb9bfcad0
Event: 112.378 Thread 0x00000215fb720800 DEOPT UNPACKING pc=0x00000215e03b5583 sp=0x0000008fb9bfca78 mode 2
Event: 112.496 Executing VM operation: ParallelGCFailedAllocation
Event: 112.556 Executing VM operation: ParallelGCFailedAllocation done
Event: 112.783 Executing VM operation: ParallelGCFailedAllocation


Dynamic libraries:
0x00007ff702ab0000 - 0x00007ff702aea000 	C:\Program Files\AdoptOpenJDK\jdk-8.0.262.10-hotspot\bin\java.exe
0x00007ff8b5310000 - 0x00007ff8b5504000 	C:\WINDOWS\SYSTEM32\ntdll.dll
0x00007ff8b4250000 - 0x00007ff8b430d000 	C:\WINDOWS\System32\KERNEL32.DLL
0x00007ff8b2d40000 - 0x00007ff8b3007000 	C:\WINDOWS\System32\KERNELBASE.dll
0x00007ff8b4590000 - 0x00007ff8b463a000 	C:\WINDOWS\System32\ADVAPI32.dll
0x00007ff8b4df0000 - 0x00007ff8b4e8e000 	C:\WINDOWS\System32\msvcrt.dll
0x00007ff8b4fb0000 - 0x00007ff8b504b000 	C:\WINDOWS\System32\sechost.dll
0x00007ff8b49a0000 - 0x00007ff8b4ac3000 	C:\WINDOWS\System32\RPCRT4.dll
0x00007ff8b43f0000 - 0x00007ff8b4590000 	C:\WINDOWS\System32\USER32.dll
0x00007ff8b2ce0000 - 0x00007ff8b2d02000 	C:\WINDOWS\System32\win32u.dll
0x00007ff8b4c10000 - 0x00007ff8b4c3a000 	C:\WINDOWS\System32\GDI32.dll
0x00007ff8b2bd0000 - 0x00007ff8b2cda000 	C:\WINDOWS\System32\gdi32full.dll
0x00007ff8b2a60000 - 0x00007ff8b2afd000 	C:\WINDOWS\System32\msvcp_win.dll
0x00007ff8b31d0000 - 0x00007ff8b32d0000 	C:\WINDOWS\System32\ucrtbase.dll
0x00007ff8a0d50000 - 0x00007ff8a0fea000 	C:\WINDOWS\WinSxS\amd64_microsoft.windows.common-controls_6595b64144ccf1df_6.0.19041.1_none_b555e41d4684ddec\COMCTL32.dll
0x00007ff8b3f90000 - 0x00007ff8b3fc0000 	C:\WINDOWS\System32\IMM32.DLL
0x00007ff880290000 - 0x00007ff88037f000 	C:\Program Files\AdoptOpenJDK\jdk-8.0.262.10-hotspot\jre\bin\msvcr120.dll
0x00007ff884f90000 - 0x00007ff885036000 	C:\Program Files\AdoptOpenJDK\jdk-8.0.262.10-hotspot\jre\bin\msvcp120.dll
0x000000006cec0000 - 0x000000006d727000 	C:\Program Files\AdoptOpenJDK\jdk-8.0.262.10-hotspot\jre\bin\server\jvm.dll
0x00007ff8b4ca0000 - 0x00007ff8b4ca8000 	C:\WINDOWS\System32\PSAPI.DLL
0x00007ff8a5370000 - 0x00007ff8a5379000 	C:\WINDOWS\SYSTEM32\WSOCK32.dll
0x00007ff8a4980000 - 0x00007ff8a49a7000 	C:\WINDOWS\SYSTEM32\WINMM.dll
0x00007ff8b4b30000 - 0x00007ff8b4b9b000 	C:\WINDOWS\System32\WS2_32.dll
0x00007ff8aa840000 - 0x00007ff8aa84a000 	C:\WINDOWS\SYSTEM32\VERSION.dll
0x00007ff8a4650000 - 0x00007ff8a465f000 	C:\Program Files\AdoptOpenJDK\jdk-8.0.262.10-hotspot\jre\bin\verify.dll
0x00007ff891d20000 - 0x00007ff891d48000 	C:\Program Files\AdoptOpenJDK\jdk-8.0.262.10-hotspot\jre\bin\java.dll
0x00007ff891690000 - 0x00007ff8916a6000 	C:\Program Files\AdoptOpenJDK\jdk-8.0.262.10-hotspot\jre\bin\zip.dll
0x00007ff8b3850000 - 0x00007ff8b3f85000 	C:\WINDOWS\System32\SHELL32.dll
0x00007ff8b0bf0000 - 0x00007ff8b137f000 	C:\WINDOWS\SYSTEM32\windows.storage.dll
0x00007ff8b4640000 - 0x00007ff8b4993000 	C:\WINDOWS\System32\combase.dll
0x00007ff8b2410000 - 0x00007ff8b243b000 	C:\WINDOWS\SYSTEM32\Wldp.dll
0x00007ff8b5220000 - 0x00007ff8b52ce000 	C:\WINDOWS\System32\SHCORE.dll
0x00007ff8b37f0000 - 0x00007ff8b3845000 	C:\WINDOWS\System32\shlwapi.dll
0x00007ff8b29a0000 - 0x00007ff8b29bf000 	C:\WINDOWS\SYSTEM32\profapi.dll
0x00007ff891670000 - 0x00007ff89168a000 	C:\Program Files\AdoptOpenJDK\jdk-8.0.262.10-hotspot\jre\bin\net.dll
0x00007ff8b2190000 - 0x00007ff8b21fa000 	C:\WINDOWS\system32\mswsock.dll
0x00007ff891650000 - 0x00007ff891662000 	C:\Program Files\AdoptOpenJDK\jdk-8.0.262.10-hotspot\jre\bin\nio.dll
0x00007ff8ad300000 - 0x00007ff8ad31e000 	C:\Users\PC\.gradle\native\25\windows-amd64\native-platform.dll
0x00007ff8a5310000 - 0x00007ff8a531d000 	C:\Program Files\AdoptOpenJDK\jdk-8.0.262.10-hotspot\jre\bin\management.dll
0x00007ff8b2360000 - 0x00007ff8b2378000 	C:\WINDOWS\SYSTEM32\CRYPTSP.dll
0x00007ff8b1b20000 - 0x00007ff8b1b54000 	C:\WINDOWS\system32\rsaenh.dll
0x00007ff8b2d10000 - 0x00007ff8b2d37000 	C:\WINDOWS\System32\bcrypt.dll
0x00007ff8b2920000 - 0x00007ff8b294e000 	C:\WINDOWS\SYSTEM32\USERENV.dll
0x00007ff8b2b50000 - 0x00007ff8b2bcf000 	C:\WINDOWS\System32\bcryptprimitives.dll
0x00007ff8b2380000 - 0x00007ff8b238c000 	C:\WINDOWS\SYSTEM32\CRYPTBASE.dll
0x00007ff8b1e80000 - 0x00007ff8b1ebb000 	C:\WINDOWS\SYSTEM32\IPHLPAPI.DLL
0x00007ff8b4ba0000 - 0x00007ff8b4ba9000 	C:\WINDOWS\System32\NSI.dll
0x00007ff8a9e10000 - 0x00007ff8a9e27000 	C:\WINDOWS\SYSTEM32\dhcpcsvc6.DLL
0x00007ff8a9df0000 - 0x00007ff8a9e0d000 	C:\WINDOWS\SYSTEM32\dhcpcsvc.DLL
0x00007ff8b1ec0000 - 0x00007ff8b1f8a000 	C:\WINDOWS\SYSTEM32\DNSAPI.dll
0x00007ff891050000 - 0x00007ff891073000 	C:\Program Files\AdoptOpenJDK\jdk-8.0.262.10-hotspot\jre\bin\sunec.dll
0x00007ff8a4670000 - 0x00007ff8a467c000 	C:\Program Files\AdoptOpenJDK\jdk-8.0.262.10-hotspot\jre\bin\sunmscapi.dll
0x00007ff8b3010000 - 0x00007ff8b316d000 	C:\WINDOWS\System32\CRYPT32.dll
0x00007ff8b2480000 - 0x00007ff8b24a7000 	C:\WINDOWS\SYSTEM32\ncrypt.dll
0x00007ff8b2440000 - 0x00007ff8b247b000 	C:\WINDOWS\SYSTEM32\NTASN1.dll
0x00007ff8a1b50000 - 0x00007ff8a1b5a000 	C:\Windows\System32\rasadhlp.dll
0x00007ff8a4690000 - 0x00007ff8a470f000 	C:\WINDOWS\System32\fwpuclnt.dll

VM Arguments:
jvm_args: -Xmx3G -Dfile.encoding=windows-1252 -Duser.country=BR -Duser.language=pt -Duser.variant 
java_command: org.gradle.launcher.daemon.bootstrap.GradleDaemon 4.9
java_class_path (initial): C:\Users\PC\.gradle\wrapper\dists\gradle-4.9-bin\e9cinqnqvph59rr7g70qubb4t\gradle-4.9\lib\gradle-launcher-4.9.jar
Launcher Type: SUN_STANDARD

Environment Variables:
JAVA_HOME=C:\Program Files\AdoptOpenJDK\jdk-8.0.262.10-hotspot
CLASSPATH=C:\Users\PC\Documents\CumanAdditions\\gradle\wrapper\gradle-wrapper.jar
PATH=C:\Program Files\AdoptOpenJDK\jdk-8.0.262.10-hotspot\bin;C:\Program Files (x86)\Common Files\Oracle\Java\javapath;C:\WINDOWS\system32;C:\WINDOWS;C:\WINDOWS\System32\Wbem;C:\WINDOWS\System32\WindowsPowerShell\v1.0\;C:\WINDOWS\System32\OpenSSH\;C:\Users\PC\AppData\Local\Microsoft\WindowsApps;
USERNAME=PC
OS=Windows_NT
PROCESSOR_IDENTIFIER=Intel64 Family 6 Model 142 Stepping 9, GenuineIntel



---------------  S Y S T E M  ---------------

OS: Windows 10.0 , 64 bit Build 19041 (10.0.19041.292)

CPU:total 4 (initial active 4) (2 cores per cpu, 2 threads per core) family 6 model 142 stepping 9, cmov, cx8, fxsr, mmx, sse, sse2, sse3, ssse3, sse4.1, sse4.2, popcnt, avx, avx2, aes, clmul, erms, 3dnowpref, lzcnt, ht, tsc, tscinvbit, bmi1, bmi2, adx

Memory: 4k page, physical 8251176k(513092k free), swap 33417000k(4600k free)

vm_info: OpenJDK 64-Bit Server VM (25.262-b10) for windows-amd64 JRE (1.8.0_262-b10), built on Jul 15 2020 06:02:55 by "jenkins" with MS VC++ 12.0 (VS2013)

time: Sat Aug 01 17:19:11 2020
timezone: Hora oficial do Brasil
elapsed time: 113 seconds (0d 0h 1m 53s)

